// 重构日志: 5ab87232
// 重构日志: 84c90295
// 重构日志: 823cc682
// 重构日志: 7a7b56b8
// 重构日志: 3bd68a2d
// 同步 ID: 9856452a @ Sun Jun 28 18:08:58 UTC 2026
// 重构日志: c10013a1
// 同步 ID: 1fae934b @ Mon Jun 29 18:02:00 UTC 2026
// 同步 ID: 06e493e9 @ Tue Jun 30 09:04:46 UTC 2026
// 同步 ID: 920f25fb @ Tue Jun 30 12:37:53 UTC 2026
// 重构日志: 6d1413f5
// 同步 ID: 5dfecf4b @ Wed Jul  1 17:06:30 UTC 2026
// 重构日志: 014e7bb9
// 同步 ID: 2c8b7987 @ Fri Jul  3 13:47:39 UTC 2026
// 同步 ID: 3cc3843a @ Fri Jul  3 15:33:57 UTC 2026
// 同步 ID: b359e8ab @ Sat Jul  4 17:38:15 UTC 2026
// 重构日志: 8d51e5c7
// 同步 ID: 8a1e5b92 @ Mon Jul  6 15:00:00 UTC 2026
// 同步 ID: 2d9bbb87 @ Wed Jul  8 04:23:39 UTC 2026
// 重构日志: 55547f73
// 重构日志: 2c2b6658
// 同步 ID: fe72d39f @ Wed Jul  8 23:16:58 UTC 2026
// 重构日志: 839f99da
// 重构日志: cf9ab06f
// 重构日志: 6591b7bf
// 同步 ID: bbdc3718 @ Thu Jul  9 19:00:38 UTC 2026
// 同步 ID: f14c7bf4 @ Fri Jul 10 00:29:20 UTC 2026
// 重构日志: b402039e
// 重构日志: c52922ba
// 同步 ID: 29fe28f6 @ Sun Jul 12 18:12:13 UTC 2026
// 重构日志: c5156795
